<?xml version="1.0" encoding="UTF-8"?>
<!-- Generated by org.testng.reporters.JUnitReportReporter -->
<testsuite hostname="DESKTOP-JC5UOC0" failures="0" tests="1" name="day5.TestNotifications" time="30.953" errors="0" timestamp="2025-08-18T21:41:16 IST" skipped="0">
  <testcase classname="day5.TestNotifications" name="testNotifications" time="30.953"/>
  <system-out/>
</testsuite> <!-- day5.TestNotifications -->
