<?xml version="1.0" encoding="UTF-8"?>
<!-- Generated by org.testng.reporters.JUnitReportReporter -->
<testsuite hostname="DESKTOP-JC5UOC0" failures="0" tests="1" name="day5.PerformanceAnalysisForApp" time="23.075" errors="0" timestamp="2025-08-18T21:58:28 IST" skipped="0">
  <testcase classname="day5.PerformanceAnalysisForApp" name="performanecParameterTesting" time="23.075"/>
  <system-out/>
</testsuite> <!-- day5.PerformanceAnalysisForApp -->
