<?xml version="1.0" encoding="UTF-8"?>
<!-- Generated by org.testng.reporters.JUnitReportReporter -->
<testsuite hostname="DESKTOP-JC5UOC0" failures="0" tests="1" name="tests.LanuchMobileApp" time="87.167" errors="0" timestamp="2025-08-11T21:35:04 IST" skipped="0">
  <testcase classname="tests.LanuchMobileApp" name="installAppTest" time="87.167"/>
  <system-out/>
</testsuite> <!-- tests.LanuchMobileApp -->
