<?xml version="1.0" encoding="UTF-8"?>
<!-- Generated by org.testng.reporters.JUnitReportReporter -->
<testsuite hostname="DESKTOP-JC5UOC0" failures="0" tests="1" name="tests2.TestDeviceLock_Unlock_Rotate" time="27.464" errors="0" timestamp="2025-08-14T21:54:22 IST" skipped="0">
  <testcase classname="tests2.TestDeviceLock_Unlock_Rotate" name="deviceLockUnlock" time="27.464"/>
  <system-out/>
</testsuite> <!-- tests2.TestDeviceLock_Unlock_Rotate -->
