<?xml version="1.0" encoding="UTF-8"?>
<!-- Generated by org.testng.reporters.JUnitReportReporter -->
<testsuite hostname="DESKTOP-JC5UOC0" failures="0" tests="1" name="assignments.Question2" time="19.554" errors="0" timestamp="2025-08-18T21:25:10 IST" skipped="0">
  <testcase classname="assignments.Question2" name="testAppState" time="19.554"/>
  <system-out/>
</testsuite> <!-- assignments.Question2 -->
