<?xml version="1.0" encoding="UTF-8"?>
<!-- Generated by org.testng.reporters.JUnitReportReporter -->
<testsuite hostname="DESKTOP-JC5UOC0" failures="0" tests="1" name="tests.TestAppInstallation" time="56.324" errors="0" timestamp="2025-08-11T22:31:20 IST" skipped="0">
  <testcase classname="tests.TestAppInstallation" name="testCase1" time="56.324"/>
  <system-out/>
</testsuite> <!-- tests.TestAppInstallation -->
