<?xml version="1.0" encoding="UTF-8"?>
<!-- Generated by org.testng.reporters.JUnitReportReporter -->
<testsuite hostname="DESKTOP-JC5UOC0" failures="0" tests="1" name="tests2.AutomateAlertsInMobileApp" time="45.424" errors="0" timestamp="2025-08-14T21:49:22 IST" skipped="0">
  <testcase classname="tests2.AutomateAlertsInMobileApp" name="testAlert" time="45.424"/>
  <system-out/>
</testsuite> <!-- tests2.AutomateAlertsInMobileApp -->
