<?xml version="1.0" encoding="UTF-8"?>
<!-- Generated by org.testng.reporters.JUnitReportReporter -->
<testsuite hostname="DESKTOP-JC5UOC0" failures="0" tests="1" name="tests2.AppManagementWithTestNGAssertions" time="21.598" errors="0" timestamp="2025-08-14T21:31:41 IST" skipped="0">
  <testcase classname="tests2.AppManagementWithTestNGAssertions" name="testAppManagement" time="21.598"/>
  <system-out/>
</testsuite> <!-- tests2.AppManagementWithTestNGAssertions -->
