<?xml version="1.0" encoding="UTF-8"?>
<!-- Generated by org.testng.reporters.JUnitReportReporter -->
<testsuite hostname="DESKTOP-JC5UOC0" failures="0" tests="1" name="assignments.Question3" time="31.535" errors="0" timestamp="2025-08-18T21:25:10 IST" skipped="0">
  <testcase classname="assignments.Question3" name="dragAndDropTest" time="31.535"/>
  <system-out/>
</testsuite> <!-- assignments.Question3 -->
