<?xml version="1.0" encoding="UTF-8"?>
<!-- Generated by org.testng.reporters.JUnitReportReporter -->
<testsuite hostname="DESKTOP-JC5UOC0" failures="0" tests="1" name="day5.TestNetworkConfiguration" time="43.212" errors="0" timestamp="2025-08-18T21:51:39 IST" skipped="0">
  <testcase classname="day5.TestNetworkConfiguration" name="testNetwrokConfiguration" time="43.212"/>
  <system-out/>
</testsuite> <!-- day5.TestNetworkConfiguration -->
